<?xml version="1.0" encoding="UTF-8"?>
<!-- Generated by org.testng.reporters.JUnitReportReporter -->
<testsuite skipped="1" hostname="lt" name="selenium4.NewTest4" tests="2" failures="0" timestamp="2022-08-02T05:39:50 PDT" time="18.462" errors="0">
  <testcase name="test1" time="18.462" classname="selenium4.NewTest4"/>
  <system-out/>
  <testcase name="f" classname="selenium4.NewTest4">
    <skipped/>
  </testcase> <!-- f -->
  <system-out/>
</testsuite> <!-- selenium4.NewTest4 -->
